<?xml version="1.0" encoding="UTF-8"?>
<testng-results ignored="0" total="1" passed="1" failed="0" skipped="0">
  <reporter-output>
  </reporter-output>
  <suite started-at="2025-03-28T12:56:33 IST" name="Suite" finished-at="2025-03-28T12:56:36 IST" duration-ms="2781">
    <groups>
    </groups>
    <test started-at="2025-03-28T12:56:33 IST" name="Test" finished-at="2025-03-28T12:56:36 IST" duration-ms="2781">
      <class name="com.StoreAPI.test.Test">
        <test-method signature="Login()[pri:0, instance:com.StoreAPI.test.Test@4550bb58]" started-at="2025-03-28T12:56:33 IST" name="Login" finished-at="2025-03-28T12:56:36 IST" duration-ms="2706" status="PASS">
          <reporter-output>
          </reporter-output>
        </test-method> <!-- Login -->
      </class> <!-- com.StoreAPI.test.Test -->
    </test> <!-- Test -->
  </suite> <!-- Suite -->
</testng-results>
