<?xml version="1.0" encoding="UTF-8"?>
<testng-results ignored="0" total="1" passed="1" failed="0" skipped="0">
  <reporter-output>
  </reporter-output>
  <suite started-at="2025-04-02T08:44:35 IST" name="Default suite" finished-at="2025-04-02T08:44:39 IST" duration-ms="4155">
    <groups>
    </groups>
    <test started-at="2025-04-02T08:44:35 IST" name="Default test" finished-at="2025-04-02T08:44:39 IST" duration-ms="4155">
      <class name="com.StoreAPI.test.Test">
        <test-method signature="Login(java.lang.String,java.lang.String)[pri:0, instance:com.StoreAPI.test.Test@55b699ef]" started-at="2025-04-02T08:44:35 IST" name="Login" data-provider="LoginTestData" finished-at="2025-04-02T08:44:39 IST" duration-ms="4083" status="PASS">
          <params>
            <param index="0">
              <value>
                <![CDATA[john@mail.com]]>
              </value>
            </param>
            <param index="1">
              <value>
                <![CDATA[changeme]]>
              </value>
            </param>
          </params>
          <reporter-output>
          </reporter-output>
        </test-method> <!-- Login -->
      </class> <!-- com.StoreAPI.test.Test -->
    </test> <!-- Default test -->
  </suite> <!-- Default suite -->
</testng-results>
